<?xml version="1.0" encoding="UTF-8"?>
<testsuites>
  <testsuite name="/home/nobrudevz/dev/projects/laravel/dominasys/web-package-pagbank-php-sdk/phpunit.xml.dist" tests="46" assertions="233" errors="0" failures="0" skipped="0" time="0.153627">
    <testsuite name="Test Suite" tests="46" assertions="233" errors="0" failures="0" skipped="0" time="0.153627">
      <testsuite name="AccountsClientTest" file="Accounts Client" tests="3" assertions="15" errors="0" failures="0" skipped="0" time="0.014401">
        <testcase name="Creates account with connect credentials" file="Accounts Client::Creates account with connect credentials" class="AccountsClientTest" classname="AccountsClientTest" assertions="8" time="0.013242"/>
        <testcase name="Reads account with client token" file="Accounts Client::Reads account with client token" class="AccountsClientTest" classname="AccountsClientTest" assertions="6" time="0.000277"/>
        <testcase name="Maps account api validation errors to domain exception" file="Accounts Client::Maps account api validation errors to domain exception" class="AccountsClientTest" classname="AccountsClientTest" assertions="1" time="0.000882"/>
      </testsuite>
      <testsuite name="AccountsValueObjectsTest" file="Accounts Value Objects" tests="2" assertions="31" errors="0" failures="0" skipped="0" time="0.010345">
        <testcase name="Account create dto converts to api payload" file="Accounts Value Objects::Account create dto converts to api payload" class="AccountsValueObjectsTest" classname="AccountsValueObjectsTest" assertions="1" time="0.009588"/>
        <testcase name="Account response exposes typed accessors" file="Accounts Value Objects::Account response exposes typed accessors" class="AccountsValueObjectsTest" classname="AccountsValueObjectsTest" assertions="30" time="0.000756"/>
      </testsuite>
      <testsuite name="ApiExceptionTest" file="Api Exception" tests="1" assertions="2" errors="0" failures="0" skipped="0" time="0.000775">
        <testcase name="Maps error messages payload to validation exception message" file="Api Exception::Maps error messages payload to validation exception message" class="ApiExceptionTest" classname="ApiExceptionTest" assertions="2" time="0.000775"/>
      </testsuite>
      <testsuite name="CardsClientTest" file="Cards Client" tests="4" assertions="24" errors="0" failures="0" skipped="0" time="0.108282">
        <testcase name="Encrypts card data on the backend" file="Cards Client::Encrypts card data on the backend" class="CardsClientTest" classname="CardsClientTest" assertions="13" time="0.107068"/>
        <testcase name="Validates and stores encrypted card" file="Cards Client::Validates and stores encrypted card" class="CardsClientTest" classname="CardsClientTest" assertions="6" time="0.000761"/>
        <testcase name="Reports validation errors for invalid card data" file="Cards Client::Reports validation errors for invalid card data" class="CardsClientTest" classname="CardsClientTest" assertions="2" time="0.000228"/>
        <testcase name="Validates and stores pci card" file="Cards Client::Validates and stores pci card" class="CardsClientTest" classname="CardsClientTest" assertions="3" time="0.000225"/>
      </testsuite>
      <testsuite name="CardsValueObjectsTest" file="Cards Value Objects" tests="4" assertions="26" errors="0" failures="0" skipped="0" time="0.001572">
        <testcase name="Store card payload converts to api shape" file="Cards Value Objects::Store card payload converts to api shape" class="CardsValueObjectsTest" classname="CardsValueObjectsTest" assertions="2" time="0.001156"/>
        <testcase name="Encrypt data carries raw fields" file="Cards Value Objects::Encrypt data carries raw fields" class="CardsValueObjectsTest" classname="CardsValueObjectsTest" assertions="6" time="0.000088"/>
        <testcase name="Encryption result and error shape" file="Cards Value Objects::Encryption result and error shape" class="CardsValueObjectsTest" classname="CardsValueObjectsTest" assertions="5" time="0.000081"/>
        <testcase name="Card response exposes typed accessors" file="Cards Value Objects::Card response exposes typed accessors" class="CardsValueObjectsTest" classname="CardsValueObjectsTest" assertions="13" time="0.000247"/>
      </testsuite>
      <testsuite name="ChargesClientTest" file="Charges Client" tests="5" assertions="12" errors="0" failures="0" skipped="0" time="0.002807">
        <testcase name="Gets charge" file="Charges Client::Gets charge" class="ChargesClientTest" classname="ChargesClientTest" assertions="4" time="0.001413"/>
        <testcase name="Captures charge" file="Charges Client::Captures charge" class="ChargesClientTest" classname="ChargesClientTest" assertions="3" time="0.000365"/>
        <testcase name="Cancels charge with splits" file="Charges Client::Cancels charge with splits" class="ChargesClientTest" classname="ChargesClientTest" assertions="3" time="0.000683"/>
        <testcase name="Maps charge validation errors to domain exception" file="Charges Client::Maps charge validation errors to domain exception" class="ChargesClientTest" classname="ChargesClientTest" assertions="1" time="0.000210"/>
        <testcase name="Charges client does not expose card tokenization" file="Charges Client::Charges client does not expose card tokenization" class="ChargesClientTest" classname="ChargesClientTest" assertions="1" time="0.000136"/>
      </testsuite>
      <testsuite name="ChargesValueObjectsTest" file="Charges Value Objects" tests="2" assertions="13" errors="0" failures="0" skipped="0" time="0.001751">
        <testcase name="Capture and cancel payloads convert to api shape" file="Charges Value Objects::Capture and cancel payloads convert to api shape" class="ChargesValueObjectsTest" classname="ChargesValueObjectsTest" assertions="2" time="0.001158"/>
        <testcase name="Charge response exposes typed accessors" file="Charges Value Objects::Charge response exposes typed accessors" class="ChargesValueObjectsTest" classname="ChargesValueObjectsTest" assertions="11" time="0.000593"/>
      </testsuite>
      <testsuite name="ConnectClientTest" file="Connect Client" tests="5" assertions="16" errors="0" failures="0" skipped="0" time="0.002474">
        <testcase name="Builds authorization url" file="Connect Client::Builds authorization url" class="ConnectClientTest" classname="ConnectClientTest" assertions="1" time="0.001118"/>
        <testcase name="Sends create application with bearer token" file="Connect Client::Sends create application with bearer token" class="ConnectClientTest" classname="ConnectClientTest" assertions="5" time="0.000489"/>
        <testcase name="Sends token exchange with connect credentials" file="Connect Client::Sends token exchange with connect credentials" class="ConnectClientTest" classname="ConnectClientTest" assertions="8" time="0.000391"/>
        <testcase name="Maps api validation errors to domain exception" file="Connect Client::Maps api validation errors to domain exception" class="ConnectClientTest" classname="ConnectClientTest" assertions="1" time="0.000218"/>
        <testcase name="Maps authentication errors to domain exception" file="Connect Client::Maps authentication errors to domain exception" class="ConnectClientTest" classname="ConnectClientTest" assertions="1" time="0.000257"/>
      </testsuite>
      <testsuite name="ConnectValueObjectsTest" file="Connect Value Objects" tests="4" assertions="9" errors="0" failures="0" skipped="0" time="0.001381">
        <testcase name="Create application data converts to api payload" file="Connect Value Objects::Create application data converts to api payload" class="ConnectValueObjectsTest" classname="ConnectValueObjectsTest" assertions="1" time="0.001105"/>
        <testcase name="Application response exposes typed accessors" file="Connect Value Objects::Application response exposes typed accessors" class="ConnectValueObjectsTest" classname="ConnectValueObjectsTest" assertions="3" time="0.000115"/>
        <testcase name="Authorization url data builds query payload" file="Connect Value Objects::Authorization url data builds query payload" class="ConnectValueObjectsTest" classname="ConnectValueObjectsTest" assertions="1" time="0.000078"/>
        <testcase name="Token response exposes typed accessors" file="Connect Value Objects::Token response exposes typed accessors" class="ConnectValueObjectsTest" classname="ConnectValueObjectsTest" assertions="4" time="0.000083"/>
      </testsuite>
      <testsuite name="EnvironmentTest" file="Environment" tests="2" assertions="4" errors="0" failures="0" skipped="0" time="0.001008">
        <testcase name="Sandbox urls" file="Environment::Sandbox urls" class="EnvironmentTest" classname="EnvironmentTest" assertions="2" time="0.000932"/>
        <testcase name="Production urls" file="Environment::Production urls" class="EnvironmentTest" classname="EnvironmentTest" assertions="2" time="0.000076"/>
      </testsuite>
      <testsuite name="OrdersClientTest" file="Orders Client" tests="5" assertions="19" errors="0" failures="0" skipped="0" time="0.003016">
        <testcase name="Creates order with idempotency key" file="Orders Client::Creates order with idempotency key" class="OrdersClientTest" classname="OrdersClientTest" assertions="6" time="0.001627"/>
        <testcase name="Gets order and order by charge id" file="Orders Client::Gets order and order by charge id" class="OrdersClientTest" classname="OrdersClientTest" assertions="6" time="0.000297"/>
        <testcase name="Pays order" file="Orders Client::Pays order" class="OrdersClientTest" classname="OrdersClientTest" assertions="3" time="0.000683"/>
        <testcase name="Cancels order" file="Orders Client::Cancels order" class="OrdersClientTest" classname="OrdersClientTest" assertions="3" time="0.000205"/>
        <testcase name="Maps order validation errors to domain exception" file="Orders Client::Maps order validation errors to domain exception" class="OrdersClientTest" classname="OrdersClientTest" assertions="1" time="0.000205"/>
      </testsuite>
      <testsuite name="OrdersValueObjectsTest" file="Orders Value Objects" tests="2" assertions="30" errors="0" failures="0" skipped="0" time="0.002860">
        <testcase name="Create order data converts to api payload" file="Orders Value Objects::Create order data converts to api payload" class="OrdersValueObjectsTest" classname="OrdersValueObjectsTest" assertions="2" time="0.001869"/>
        <testcase name="Order response exposes typed accessors" file="Orders Value Objects::Order response exposes typed accessors" class="OrdersValueObjectsTest" classname="OrdersValueObjectsTest" assertions="28" time="0.000991"/>
      </testsuite>
      <testsuite name="PublicKeysClientTest" file="Public Keys Client" tests="3" assertions="18" errors="0" failures="0" skipped="0" time="0.001398">
        <testcase name="Creates card public key" file="Public Keys Client::Creates card public key" class="PublicKeysClientTest" classname="PublicKeysClientTest" assertions="7" time="0.001028"/>
        <testcase name="Gets card public key" file="Public Keys Client::Gets card public key" class="PublicKeysClientTest" classname="PublicKeysClientTest" assertions="7" time="0.000204"/>
        <testcase name="Updates card public key" file="Public Keys Client::Updates card public key" class="PublicKeysClientTest" classname="PublicKeysClientTest" assertions="4" time="0.000166"/>
      </testsuite>
      <testsuite name="PublicKeysValueObjectsTest" file="Public Keys Value Objects" tests="2" assertions="8" errors="0" failures="0" skipped="0" time="0.000899">
        <testcase name="Public key response parses json payload" file="Public Keys Value Objects::Public key response parses json payload" class="PublicKeysValueObjectsTest" classname="PublicKeysValueObjectsTest" assertions="5" time="0.000790"/>
        <testcase name="Public key response falls back to raw body" file="Public Keys Value Objects::Public key response falls back to raw body" class="PublicKeysValueObjectsTest" classname="PublicKeysValueObjectsTest" assertions="3" time="0.000109"/>
      </testsuite>
      <testsuite name="ResponseTest" file="Response" tests="2" assertions="6" errors="0" failures="0" skipped="0" time="0.000659">
        <testcase name="Parses json response" file="Response::Parses json response" class="ResponseTest" classname="ResponseTest" assertions="3" time="0.000560"/>
        <testcase name="Preserves raw body when response is not json" file="Response::Preserves raw body when response is not json" class="ResponseTest" classname="ResponseTest" assertions="3" time="0.000099"/>
      </testsuite>
    </testsuite>
  </testsuite>
</testsuites>
